0.5601813793182373
0.9999092817306519
1.2190476655960083
1.3598185777664185
1.5397732257843018
1.6790930032730103
1.9403175115585327
2.1391382217407227
2.3190929889678955
2.4990475177764893
2.699319839477539
2.879274368286133
3.0795464515686035
3.279818534851074
3.5192744731903076
3.7195465564727783
3.940135955810547
4.099773406982422
4.300045490264893
4.500317573547363
4.719455718994141
4.879093170166016
5.059047698974609
5.25931978225708
6.799092769622803
7.299773216247559
7.479727745056152
7.7003173828125
8.079092979431152
8.459320068359375
8.639274597167969
8.839546203613281
9.019500732421875
9.258956909179688
9.63918399810791
10.039728164672852
10.479455947875977
10.620226860046387
10.819047927856445
10.999002456665039
11.178956985473633
11.299410820007324
11.520000457763672
11.720272064208984
11.900226593017578
12.13968276977539
12.330340385437012
12.540226936340332
12.720181465148926
12.939319610595703
13.319546699523926
13.699772834777832
13.900045394897461
14.079999923706055
14.419591903686523
14.579229354858398
14.720000267028809
14.899954795837402
15.11909294128418
15.319365501403809
15.479001998901367
