2.3521769046783447
2.728344678878784
3.128321886062622
3.5363945960998535
3.728548765182495
3.9363718032836914
4.144195079803467
4.360136032104492
4.544149875640869
4.75253963470459
4.936575889587402
5.136258602142334
6.758752822875977
7.128526210784912
7.3200907707214355
7.534875392913818
7.936008930206299
8.31063461303711
8.504308700561523
8.71213150024414
8.904285430908203
9.128344535827637
9.520181655883789
9.920158386230469
10.328230857849121
10.432154655456543
10.52850341796875
10.640543937683105
10.744466781616211
10.840249061584473
10.9441499710083
11.048049926757812
11.144421577453613
11.288390159606934
11.520000457763672
11.733628273010254
11.83231258392334
11.928094863891602
12.03199577331543
12.13648509979248
12.224149703979492
12.328049659729004
12.520204544067383
12.72802734375
12.824376106262207
12.919591903686523
13.104194641113281
13.496031761169434
13.687596321105957
13.928503036499023
14.319161415100098
14.464285850524902
14.624512672424316
14.728412628173828
14.896190643310547
15.104013442993164
15.320521354675293
15.52022647857666
15.936439514160156
16.336395263671875
16.759592056274414
16.928503036499023
17.12820816040039
17.31222152709961
17.518888473510742
17.808547973632812
18.08834457397461
18.295578002929688
18.504558563232422
18.76056671142578
18.927165985107422
19.11235809326172
19.566871643066406
19.936077117919922
20.064376831054688
20.144466400146484
20.34417152404785
20.536304473876953
20.7273006439209
20.92814064025879
21.111587524414062
21.30430793762207
21.536508560180664
21.712404251098633
21.912086486816406
22.10424041748047
22.30451202392578
22.7044677734375
23.120113372802734
23.240272521972656
23.328502655029297
23.43242645263672
23.52646255493164
23.624557495117188
23.72848129272461
23.832380294799805
23.918888092041016
24.10405921936035
24.31129264831543
24.528411865234375
24.624195098876953
24.73621368408203
24.831995010375977
24.93476104736328
25.032268524169922
25.120521545410156
25.32020378112793
25.512357711791992
25.64006805419922
25.728300094604492
25.92043113708496
26.32852554321289
26.432449340820312
26.536348342895508
26.672176361083984
26.912517547607422
27.09653091430664
27.344398498535156
27.544103622436523
27.74437713623047
27.944059371948242
28.112403869628906
28.31208610534668
28.496122360229492
28.774761199951172
29.15208625793457
29.552040100097656
29.72038459777832
29.920068740844727
30.128480911254883
30.3124942779541
30.696212768554688
32.375579833984375
